<?xml version="1.0" encoding="UTF-8"?>
<testng-results ignored="0" total="1" passed="1" failed="0" skipped="0">
  <reporter-output>
  </reporter-output>
  <suite started-at="2018-02-27T23:12:03Z" name="FirstTestSuite" finished-at="2018-02-27T23:14:32Z" duration-ms="148197">
    <groups>
    </groups>
    <test started-at="2018-02-27T23:12:03Z" name="LogInTest FF" finished-at="2018-02-27T23:14:32Z" duration-ms="148197">
      <class name="com.domain.Question01">
        <test-method is-config="true" signature="methodSetUp(java.lang.String)[pri:0, instance:com.domain.Question01@3f56875e]" started-at="2018-02-27T23:12:03Z" name="methodSetUp" finished-at="2018-02-27T23:12:07Z" duration-ms="3534" status="PASS">
          <params>
            <param index="0">
              <value>
                <![CDATA[firefox]]>
              </value>
            </param>
          </params>
          <reporter-output>
          </reporter-output>
        </test-method> <!-- methodSetUp -->
        <test-method signature="question01()[pri:0, instance:com.domain.Question01@3f56875e]" started-at="2018-02-27T23:12:07Z" name="question01" finished-at="2018-02-27T23:14:31Z" duration-ms="144100" status="PASS">
          <reporter-output>
          </reporter-output>
        </test-method> <!-- question01 -->
        <test-method is-config="true" signature="methodTearDown()[pri:0, instance:com.domain.Question01@3f56875e]" started-at="2018-02-27T23:14:31Z" name="methodTearDown" finished-at="2018-02-27T23:14:32Z" duration-ms="523" status="PASS">
          <reporter-output>
          </reporter-output>
        </test-method> <!-- methodTearDown -->
      </class> <!-- com.domain.Question01 -->
    </test> <!-- LogInTest FF -->
  </suite> <!-- FirstTestSuite -->
</testng-results>
